{"E:\\pw2\\packages\\ai-pipeline\\pipeline.ts": {"path":"E:\\pw2\\packages\\ai-pipeline\\pipeline.ts","statementMap":{"0":{"start":{"line":47,"column":2},"end":{"line":47,"column":null}},"1":{"start":{"line":47,"column":13},"end":{"line":47,"column":null}},"2":{"start":{"line":49,"column":18},"end":{"line":49,"column":null}},"3":{"start":{"line":50,"column":2},"end":{"line":50,"column":null}},"4":{"start":{"line":52,"column":2},"end":{"line":54,"column":null}},"5":{"start":{"line":53,"column":4},"end":{"line":53,"column":null}},"6":{"start":{"line":55,"column":2},"end":{"line":55,"column":null}},"7":{"start":{"line":66,"column":24},"end":{"line":66,"column":null}},"8":{"start":{"line":67,"column":2},"end":{"line":74,"column":null}},"9":{"start":{"line":68,"column":4},"end":{"line":73,"column":null}},"10":{"start":{"line":77,"column":17},"end":{"line":77,"column":null}},"11":{"start":{"line":80,"column":17},"end":{"line":80,"column":null}},"12":{"start":{"line":83,"column":19},"end":{"line":94,"column":null}},"13":{"start":{"line":97,"column":2},"end":{"line":99,"column":null}},"14":{"start":{"line":98,"column":4},"end":{"line":98,"column":null}},"15":{"start":{"line":102,"column":24},"end":{"line":106,"column":null}},"16":{"start":{"line":108,"column":2},"end":{"line":115,"column":null}},"17":{"start":{"line":109,"column":4},"end":{"line":114,"column":null}},"18":{"start":{"line":117,"column":19},"end":{"line":128,"column":null}},"19":{"start":{"line":130,"column":2},"end":{"line":130,"column":null}}},"fnMap":{"0":{"name":"sanitizeInput","decl":{"start":{"line":46,"column":16},"end":{"line":46,"column":30}},"loc":{"start":{"line":46,"column":52},"end":{"line":56,"column":null}},"line":46},"1":{"name":"runCrisisBridgePipeline","decl":{"start":{"line":62,"column":22},"end":{"line":62,"column":null}},"loc":{"start":{"line":64,"column":27},"end":{"line":131,"column":null}},"line":64}},"branchMap":{"0":{"loc":{"start":{"line":47,"column":2},"end":{"line":47,"column":null}},"type":"if","locations":[{"start":{"line":47,"column":2},"end":{"line":47,"column":null}},{"start":{},"end":{}}],"line":47},"1":{"loc":{"start":{"line":52,"column":2},"end":{"line":54,"column":null}},"type":"if","locations":[{"start":{"line":52,"column":2},"end":{"line":54,"column":null}},{"start":{},"end":{}}],"line":52},"2":{"loc":{"start":{"line":67,"column":2},"end":{"line":74,"column":null}},"type":"if","locations":[{"start":{"line":67,"column":2},"end":{"line":74,"column":null}},{"start":{},"end":{}}],"line":67},"3":{"loc":{"start":{"line":97,"column":2},"end":{"line":99,"column":null}},"type":"if","locations":[{"start":{"line":97,"column":2},"end":{"line":99,"column":null}},{"start":{},"end":{}}],"line":97},"4":{"loc":{"start":{"line":108,"column":2},"end":{"line":115,"column":null}},"type":"if","locations":[{"start":{"line":108,"column":2},"end":{"line":115,"column":null}},{"start":{},"end":{}}],"line":108}},"s":{"0":6,"1":0,"2":6,"3":6,"4":6,"5":1,"6":6,"7":4,"8":4,"9":1,"10":3,"11":3,"12":3,"13":3,"14":1,"15":2,"16":2,"17":1,"18":1,"19":1},"f":{"0":6,"1":4},"b":{"0":[0,6],"1":[1,5],"2":[1,3],"3":[1,2],"4":[1,1]},"meta":{"lastBranch":5,"lastFunction":2,"lastStatement":20,"seen":{"f:46:16:46:30":0,"b:47:2:47:Infinity:undefined:undefined:undefined:undefined":0,"s:47:2:47:Infinity":0,"s:47:13:47:Infinity":1,"s:49:18:49:Infinity":2,"s:50:2:50:Infinity":3,"b:52:2:54:Infinity:undefined:undefined:undefined:undefined":1,"s:52:2:54:Infinity":4,"s:53:4:53:Infinity":5,"s:55:2:55:Infinity":6,"f:62:22:62:Infinity":1,"s:66:24:66:Infinity":7,"b:67:2:74:Infinity:undefined:undefined:undefined:undefined":2,"s:67:2:74:Infinity":8,"s:68:4:73:Infinity":9,"s:77:17:77:Infinity":10,"s:80:17:80:Infinity":11,"s:83:19:94:Infinity":12,"b:97:2:99:Infinity:undefined:undefined:undefined:undefined":3,"s:97:2:99:Infinity":13,"s:98:4:98:Infinity":14,"s:102:24:106:Infinity":15,"b:108:2:115:Infinity:undefined:undefined:undefined:undefined":4,"s:108:2:115:Infinity":16,"s:109:4:114:Infinity":17,"s:117:19:128:Infinity":18,"s:130:2:130:Infinity":19},"fnNames":{}}}
,"E:\\pw2\\packages\\ai-pipeline\\agents\\dispatcher-agent.ts": {"path":"E:\\pw2\\packages\\ai-pipeline\\agents\\dispatcher-agent.ts","statementMap":{"0":{"start":{"line":9,"column":26},"end":{"line":9,"column":null}},"1":{"start":{"line":16,"column":37},"end":{"line":16,"column":null}},"2":{"start":{"line":30,"column":2},"end":{"line":32,"column":null}},"3":{"start":{"line":31,"column":4},"end":{"line":31,"column":null}},"4":{"start":{"line":34,"column":18},"end":{"line":43,"column":null}},"5":{"start":{"line":45,"column":19},"end":{"line":78,"column":null}},"6":{"start":{"line":80,"column":15},"end":{"line":80,"column":null}},"7":{"start":{"line":82,"column":2},"end":{"line":102,"column":null}},"8":{"start":{"line":83,"column":4},"end":{"line":83,"column":null}},"9":{"start":{"line":86,"column":24},"end":{"line":88,"column":null}},"10":{"start":{"line":89,"column":23},"end":{"line":89,"column":null}},"11":{"start":{"line":91,"column":4},"end":{"line":101,"column":null}},"12":{"start":{"line":114,"column":20},"end":{"line":116,"column":null}},"13":{"start":{"line":115,"column":11},"end":{"line":115,"column":null}},"14":{"start":{"line":118,"column":2},"end":{"line":118,"column":null}},"15":{"start":{"line":118,"column":30},"end":{"line":118,"column":null}},"16":{"start":{"line":119,"column":2},"end":{"line":119,"column":null}},"17":{"start":{"line":119,"column":32},"end":{"line":119,"column":null}},"18":{"start":{"line":122,"column":2},"end":{"line":126,"column":null}},"19":{"start":{"line":123,"column":18},"end":{"line":123,"column":null}},"20":{"start":{"line":124,"column":18},"end":{"line":124,"column":null}},"21":{"start":{"line":125,"column":4},"end":{"line":125,"column":null}},"22":{"start":{"line":128,"column":2},"end":{"line":128,"column":null}}},"fnMap":{"0":{"name":"runDispatcherAgent","decl":{"start":{"line":18,"column":22},"end":{"line":18,"column":null}},"loc":{"start":{"line":29,"column":27},"end":{"line":103,"column":null}},"line":29},"1":{"name":"findNearestWorker","decl":{"start":{"line":109,"column":16},"end":{"line":109,"column":null}},"loc":{"start":{"line":113,"column":17},"end":{"line":129,"column":null}},"line":113},"2":{"name":"(anonymous_2)","decl":{"start":{"line":114,"column":28},"end":{"line":114,"column":null}},"loc":{"start":{"line":115,"column":11},"end":{"line":115,"column":null}},"line":115},"3":{"name":"(anonymous_3)","decl":{"start":{"line":122,"column":12},"end":{"line":122,"column":18}},"loc":{"start":{"line":122,"column":27},"end":{"line":126,"column":3}},"line":122}},"branchMap":{"0":{"loc":{"start":{"line":30,"column":2},"end":{"line":32,"column":null}},"type":"if","locations":[{"start":{"line":30,"column":2},"end":{"line":32,"column":null}},{"start":{},"end":{}}],"line":30},"1":{"loc":{"start":{"line":80,"column":15},"end":{"line":80,"column":null}},"type":"binary-expr","locations":[{"start":{"line":80,"column":15},"end":{"line":80,"column":32}},{"start":{"line":80,"column":32},"end":{"line":80,"column":null}}],"line":80},"2":{"loc":{"start":{"line":87,"column":7},"end":{"line":87,"column":37}},"type":"binary-expr","locations":[{"start":{"line":87,"column":7},"end":{"line":87,"column":30}},{"start":{"line":87,"column":30},"end":{"line":87,"column":37}}],"line":87},"3":{"loc":{"start":{"line":98,"column":48},"end":{"line":98,"column":81}},"type":"binary-expr","locations":[{"start":{"line":98,"column":48},"end":{"line":98,"column":71}},{"start":{"line":98,"column":71},"end":{"line":98,"column":81}}],"line":98},"4":{"loc":{"start":{"line":115,"column":11},"end":{"line":115,"column":null}},"type":"binary-expr","locations":[{"start":{"line":115,"column":11},"end":{"line":115,"column":38}},{"start":{"line":115,"column":38},"end":{"line":115,"column":null}}],"line":115},"5":{"loc":{"start":{"line":118,"column":2},"end":{"line":118,"column":null}},"type":"if","locations":[{"start":{"line":118,"column":2},"end":{"line":118,"column":null}},{"start":{},"end":{}}],"line":118},"6":{"loc":{"start":{"line":119,"column":2},"end":{"line":119,"column":null}},"type":"if","locations":[{"start":{"line":119,"column":2},"end":{"line":119,"column":null}},{"start":{},"end":{}}],"line":119}},"s":{"0":3,"1":3,"2":2,"3":2,"4":2,"5":2,"6":2,"7":2,"8":2,"9":1,"10":1,"11":1,"12":5,"13":7,"14":5,"15":2,"16":3,"17":0,"18":3,"19":4,"20":4,"21":4,"22":3},"f":{"0":2,"1":5,"2":7,"3":4},"b":{"0":[2,0],"1":[2,0],"2":[1,0],"3":[1,0],"4":[7,6],"5":[2,3],"6":[0,3]},"meta":{"lastBranch":7,"lastFunction":4,"lastStatement":23,"seen":{"s:9:26:9:Infinity":0,"s:16:37:16:Infinity":1,"f:18:22:18:Infinity":0,"b:30:2:32:Infinity:undefined:undefined:undefined:undefined":0,"s:30:2:32:Infinity":2,"s:31:4:31:Infinity":3,"s:34:18:43:Infinity":4,"s:45:19:78:Infinity":5,"s:80:15:80:Infinity":6,"b:80:15:80:32:80:32:80:Infinity":1,"s:82:2:102:Infinity":7,"s:83:4:83:Infinity":8,"s:86:24:88:Infinity":9,"b:87:7:87:30:87:30:87:37":2,"s:89:23:89:Infinity":10,"s:91:4:101:Infinity":11,"b:98:48:98:71:98:71:98:81":3,"f:109:16:109:Infinity":1,"s:114:20:116:Infinity":12,"f:114:28:114:Infinity":2,"s:115:11:115:Infinity":13,"b:115:11:115:38:115:38:115:Infinity":4,"b:118:2:118:Infinity:undefined:undefined:undefined:undefined":5,"s:118:2:118:Infinity":14,"s:118:30:118:Infinity":15,"b:119:2:119:Infinity:undefined:undefined:undefined:undefined":6,"s:119:2:119:Infinity":16,"s:119:32:119:Infinity":17,"s:122:2:126:Infinity":18,"f:122:12:122:18":3,"s:123:18:123:Infinity":19,"s:124:18:124:Infinity":20,"s:125:4:125:Infinity":21,"s:128:2:128:Infinity":22},"fnNames":{}}}
,"E:\\pw2\\packages\\ai-pipeline\\agents\\intake-agent.ts": {"path":"E:\\pw2\\packages\\ai-pipeline\\agents\\intake-agent.ts","statementMap":{"0":{"start":{"line":10,"column":22},"end":{"line":10,"column":null}},"1":{"start":{"line":17,"column":37},"end":{"line":17,"column":null}},"2":{"start":{"line":23,"column":2},"end":{"line":25,"column":null}},"3":{"start":{"line":24,"column":4},"end":{"line":24,"column":null}},"4":{"start":{"line":27,"column":19},"end":{"line":59,"column":null}},"5":{"start":{"line":61,"column":15},"end":{"line":61,"column":null}},"6":{"start":{"line":62,"column":2},"end":{"line":77,"column":null}},"7":{"start":{"line":63,"column":33},"end":{"line":63,"column":null}},"8":{"start":{"line":64,"column":4},"end":{"line":64,"column":null}},"9":{"start":{"line":67,"column":4},"end":{"line":76,"column":null}}},"fnMap":{"0":{"name":"runIntakeAgent","decl":{"start":{"line":19,"column":22},"end":{"line":19,"column":null}},"loc":{"start":{"line":22,"column":25},"end":{"line":78,"column":null}},"line":22}},"branchMap":{"0":{"loc":{"start":{"line":23,"column":2},"end":{"line":25,"column":null}},"type":"if","locations":[{"start":{"line":23,"column":2},"end":{"line":25,"column":null}},{"start":{},"end":{}}],"line":23},"1":{"loc":{"start":{"line":61,"column":15},"end":{"line":61,"column":null}},"type":"binary-expr","locations":[{"start":{"line":61,"column":15},"end":{"line":61,"column":32}},{"start":{"line":61,"column":32},"end":{"line":61,"column":null}}],"line":61}},"s":{"0":3,"1":3,"2":4,"3":2,"4":4,"5":4,"6":4,"7":4,"8":4,"9":1},"f":{"0":4},"b":{"0":[2,2],"1":[4,0]},"meta":{"lastBranch":2,"lastFunction":1,"lastStatement":10,"seen":{"s:10:22:10:Infinity":0,"s:17:37:17:Infinity":1,"f:19:22:19:Infinity":0,"b:23:2:25:Infinity:undefined:undefined:undefined:undefined":0,"s:23:2:25:Infinity":2,"s:24:4:24:Infinity":3,"s:27:19:59:Infinity":4,"s:61:15:61:Infinity":5,"b:61:15:61:32:61:32:61:Infinity":1,"s:62:2:77:Infinity":6,"s:63:33:63:Infinity":7,"s:64:4:64:Infinity":8,"s:67:4:76:Infinity":9},"fnNames":{}}}
,"E:\\pw2\\packages\\ai-pipeline\\agents\\prioritizer-agent.ts": {"path":"E:\\pw2\\packages\\ai-pipeline\\agents\\prioritizer-agent.ts","statementMap":{"0":{"start":{"line":9,"column":27},"end":{"line":9,"column":null}},"1":{"start":{"line":17,"column":37},"end":{"line":17,"column":null}},"2":{"start":{"line":31,"column":2},"end":{"line":33,"column":null}},"3":{"start":{"line":32,"column":4},"end":{"line":32,"column":null}},"4":{"start":{"line":35,"column":18},"end":{"line":44,"column":null}},"5":{"start":{"line":37,"column":50},"end":{"line":43,"column":6}},"6":{"start":{"line":46,"column":19},"end":{"line":78,"column":null}},"7":{"start":{"line":80,"column":15},"end":{"line":80,"column":null}},"8":{"start":{"line":82,"column":2},"end":{"line":118,"column":null}},"9":{"start":{"line":83,"column":4},"end":{"line":83,"column":null}},"10":{"start":{"line":86,"column":61},"end":{"line":95,"column":null}},"11":{"start":{"line":96,"column":53},"end":{"line":105,"column":null}},"12":{"start":{"line":107,"column":23},"end":{"line":107,"column":null}},"13":{"start":{"line":108,"column":21},"end":{"line":108,"column":null}},"14":{"start":{"line":110,"column":4},"end":{"line":117,"column":null}}},"fnMap":{"0":{"name":"runPrioritizerAgent","decl":{"start":{"line":19,"column":22},"end":{"line":19,"column":null}},"loc":{"start":{"line":30,"column":32},"end":{"line":119,"column":null}},"line":30},"1":{"name":"(anonymous_1)","decl":{"start":{"line":37,"column":38},"end":{"line":37,"column":43}},"loc":{"start":{"line":37,"column":50},"end":{"line":43,"column":6}},"line":37}},"branchMap":{"0":{"loc":{"start":{"line":31,"column":2},"end":{"line":33,"column":null}},"type":"if","locations":[{"start":{"line":31,"column":2},"end":{"line":33,"column":null}},{"start":{},"end":{}}],"line":31},"1":{"loc":{"start":{"line":80,"column":15},"end":{"line":80,"column":null}},"type":"binary-expr","locations":[{"start":{"line":80,"column":15},"end":{"line":80,"column":32}},{"start":{"line":80,"column":32},"end":{"line":80,"column":null}}],"line":80},"2":{"loc":{"start":{"line":107,"column":23},"end":{"line":107,"column":null}},"type":"binary-expr","locations":[{"start":{"line":107,"column":23},"end":{"line":107,"column":63}},{"start":{"line":107,"column":63},"end":{"line":107,"column":null}}],"line":107},"3":{"loc":{"start":{"line":108,"column":21},"end":{"line":108,"column":null}},"type":"binary-expr","locations":[{"start":{"line":108,"column":21},"end":{"line":108,"column":63}},{"start":{"line":108,"column":63},"end":{"line":108,"column":null}}],"line":108}},"s":{"0":3,"1":3,"2":5,"3":3,"4":5,"5":2,"6":5,"7":5,"8":5,"9":5,"10":1,"11":1,"12":1,"13":1,"14":1},"f":{"0":5,"1":2},"b":{"0":[3,2],"1":[5,0],"2":[1,0],"3":[1,0]},"meta":{"lastBranch":4,"lastFunction":2,"lastStatement":15,"seen":{"s:9:27:9:Infinity":0,"s:17:37:17:Infinity":1,"f:19:22:19:Infinity":0,"b:31:2:33:Infinity:undefined:undefined:undefined:undefined":0,"s:31:2:33:Infinity":2,"s:32:4:32:Infinity":3,"s:35:18:44:Infinity":4,"f:37:38:37:43":1,"s:37:50:43:6":5,"s:46:19:78:Infinity":6,"s:80:15:80:Infinity":7,"b:80:15:80:32:80:32:80:Infinity":1,"s:82:2:118:Infinity":8,"s:83:4:83:Infinity":9,"s:86:61:95:Infinity":10,"s:96:53:105:Infinity":11,"s:107:23:107:Infinity":12,"b:107:23:107:63:107:63:107:Infinity":2,"s:108:21:108:Infinity":13,"b:108:21:108:63:108:63:108:Infinity":3,"s:110:4:117:Infinity":14},"fnNames":{}}}
}
